1530291857175	geckodriver	INFO	geckodriver 0.21.0
1530291857191	geckodriver	INFO	Listening on 127.0.0.1:1789
1530291860258	mozrunner::runner	INFO	Running command: "C:\\Program Files\\Mozilla Firefox\\firefox.exe" "-marionette" "-foreground" "-no-remote" "-profile" "C:\\Users\\Arix\\AppData\\Local\\Temp\\rust_mozprofile.up041JTgio35"
Unable to read VR Path Registry from C:\Users\Arix\AppData\Local\openvr\openvrpaths.vrpath
Unable to read VR Path Registry from C:\Users\Arix\AppData\Local\openvr\openvrpaths.vrpath
Unable to read VR Path Registry from C:\Users\Arix\AppData\Local\openvr\openvrpaths.vrpath
Unable to read VR Path Registry from C:\Users\Arix\AppData\Local\openvr\openvrpaths.vrpath
Unable to read VR Path Registry from C:\Users\Arix\AppData\Local\openvr\openvrpaths.vrpath
1530291863796	Marionette	INFO	Listening on port 1797
1530291864263	Marionette	WARN	TLS certificate errors will be ignored for this session
[Parent 9220, Gecko_IOThread] WARNING: pipe error: 109: file z:/build/build/src/ipc/chromium/src/chrome/common/ipc_channel_win.cc, line 346
[Parent 9220, Gecko_IOThread] WARNING: pipe error: 109: file z:/build/build/src/ipc/chromium/src/chrome/common/ipc_channel_win.cc, line 346
[Child 7752, Chrome_ChildThread] WARNING: pipe error: 109: file z:/build/build/src/ipc/chromium/src/chrome/common/ipc_channel_win.cc, line 346
[Child 7752, Chrome_Chil*** UTM:SVC TimerManager:registerTimer called after profile-before-change notification. Ignoring timer registration for id: telemetry_modules_ping
[GPU 2340, 
###!!! [Child][MessageChannel::SendAndWait] Error: Channel error: cannot send/recv

1530291939553	geckodriver	INFO	geckodriver 0.21.0
1530291939569	geckodriver	INFO	Listening on 127.0.0.1:1819
1530291942613	mozrunner::runner	INFO	Running command: "C:\\Program Files\\Mozilla Firefox\\firefox.exe" "-marionette" "-foreground" "-no-remote" "-profile" "C:\\Users\\Arix\\AppData\\Local\\Temp\\rust_mozprofile.it7PvxAbv8JK"
Unable to read VR Path Registry from C:\Users\Arix\AppData\Local\openvr\openvrpaths.vrpath
Unable to read VR Path Registry from C:\Users\Arix\AppData\Local\openvr\openvrpaths.vrpath
Unable to read VR Path Registry from C:\Users\Arix\AppData\Local\openvr\openvrpaths.vrpath
Unable to read VR Path Registry from C:\Users\Arix\AppData\Local\openvr\openvrpaths.vrpath
Unable to read VR Path Registry from C:\Users\Arix\AppData\Local\openvr\openvrpaths.vrpath
1530291946127	Marionette	INFO	Listening on port 1827
1530291946810	Marionette	WARN	TLS certificate errors will be ignored for this session
[Parent 996, Gecko_IOThread] WARNING: pipe error: 109: file z:/build/build/src/ipc/chromium/src/chrome/common/ipc_channel_win.cc, line 346
[Child 2424, Chrome_ChildThread] WARNING: pipe error: 109: file z:/build/build/src/ipc/chromium/src/chrome/common/ipc_channel_win.cc, line 346
[Child 2424, Chrome_ChildThread] WARNING: pipe error: 109: file z:/bui[Child 5180, Chrome_ChildThread] WARNING: pipe error: 109: file z:/build/build/src/ipc/chromium/src/chrome/common/ipc_channel_win.cc, line 346
[Child 5180, Chrome_ChildThread] WARNING: pipe error: 109: file z:/build[Parent 996, Gecko_IOThread] WARNING: pipe error: 109: file z:/build/build/src/ipc/chromium/src/chrome/common/ipc_channel_win.cc, line 346
[Child 6096, Chrome_ChildThread] WARNING: pipe error: 109: file z:/build/build/src/ipc/chromium/src/chrome/common/ipc_channel_win.cc, line 346
[Child 609[GPU 7784, 
###!!! [Child][MessageChannel::SendAndWait] Error: Channel error: cannot send/recv

1530292125245	geckodriver	INFO	geckodriver 0.21.0
1530292125245	geckodriver	INFO	Listening on 127.0.0.1:1852
1530292128265	mozrunner::runner	INFO	Running command: "C:\\Program Files\\Mozilla Firefox\\firefox.exe" "-marionette" "-foreground" "-no-remote" "-profile" "C:\\Users\\Arix\\AppData\\Local\\Temp\\rust_mozprofile.wM6pPEJI6dUD"
Unable to read VR Path Registry from C:\Users\Arix\AppData\Local\openvr\openvrpaths.vrpath
Unable to read VR Path Registry from C:\Users\Arix\AppData\Local\openvr\openvrpaths.vrpath
Unable to read VR Path Registry from C:\Users\Arix\AppData\Local\openvr\openvrpaths.vrpath
Unable to read VR Path Registry from C:\Users\Arix\AppData\Local\openvr\openvrpaths.vrpath
Unable to read VR Path Registry from C:\Users\Arix\AppData\Local\openvr\openvrpaths.vrpath
1530292131659	Marionette	INFO	Listening on port 1860
1530292132391	Marionette	WARN	TLS certificate errors will be ignored for this session
console.warn: LoginRecipes: getRecipes: falling back to a synchronous message for: https://www.google.com.br
JavaScript error: resource://devtools/shared/base-loader.js -> resource://devtools/server/actors/highlighters/auto-refresh.js, line 202: TypeError: this.win is null
JavaScript error: resource://devtools/shared/base-loader.js -> resource://devtools/server/actors/highlighters/auto-refresh.js, line 202: TypeError: this.win is null
JavaScript error: resource://devtools/shared/base-loader.js -> resource://devtools/server/actors/highlighters/auto-refresh.js, line 202: TypeError: this.win is null
JavaScript error: resource://devtools/shared/base-loader.js -> resource://devtools/server/actors/highlighters/auto-refresh.js, line 202: TypeError: this.win is null
JavaScript error: resource://devtools/shared/base-loader.js -> resource://devtools/server/actors/highlighters/auto-refresh.js, line 202: TypeError: this.win is null
JavaScript error: resource://devtools/shared/base-loader.js -> resource://devtools/server/actors/highlighters/auto-refresh.js, line 202: TypeError: this.win is null
JavaScript error: resource://devtools/shared/base-loader.js -> resource://devtools/server/actors/highlighters/auto-refresh.js, line 202: TypeError: this.win is null
JavaScript error: resource://devtools/shared/base-loader.js -> resource://devtools/server/actors/highlighters/auto-refresh.js, line 202: TypeError: this.win is null
JavaScript error: resource://devtools/shared/base-loader.js -> resource://devtools/server/actors/highlighters/auto-refresh.js, line 202: TypeError: this.win is null
JavaScript error: resource://devtools/shared/base-loader.js -> resource://devtools/server/actors/highlighters/auto-refresh.js, line 202: TypeError: this.win is null
JavaScript error: resource://devtools/shared/base-loader.js -> resource://devtools/server/actors/highlighters/auto-refresh.js, line 202: TypeError: this.win is null
JavaScript error: resource://devtools/shared/base-loader.js -> resource://devtools/server/actors/highlighters/auto-refresh.js, line 202: TypeError: this.win is null
JavaScript error: resource://devtools/shared/base-loader.js -> resource://devtools/server/actors/highlighters/auto-refresh.js, line 202: TypeError: this.win is null
JavaScript error: resource://devtools/shared/base-loader.js -> resource://devtools/server/actors/highlighters/auto-refresh.js, line 202: TypeError: this.win is null
JavaScript error: resource://devtools/shared/base-loader.js -> resource://devtools/server/actors/highlighters/auto-refresh.js, line 202: TypeError: this.win is null
JavaScript error: resource://devtools/shared/base-loader.js -> resource://devtools/server/actors/highlighters/auto-refresh.js, line 202: TypeError: this.win is null
JavaScript error: resource://devtools/shared/base-loader.js -> resource://devtools/server/actors/highlighters/auto-refresh.js, line 202: TypeError: this.win is null
JavaScript error: resource://devtools/shared/base-loader.js -> resource://devtools/server/actors/highlighters/auto-refresh.js, line 202: TypeError: this.win is null
JavaScript error: resource://devtools/shared/base-loader.js -> resource://devtools/server/actors/highlighters/auto-refresh.js, line 202: TypeError: this.win is null
JavaScript error: resource://devtools/shared/base-loader.js -> resource://devtools/server/actors/highlighters/auto-refresh.js, line 202: TypeError: this.win is null
JavaScript error: resource://devtools/shared/base-loader.js -> resource://devtools/server/actors/highlighters/auto-refresh.js, line 202: TypeError: this.win is null
JavaScript error: resource://devtools/shared/base-loader.js -> resource://devtools/server/actors/highlighters/auto-refresh.js, line 202: TypeError: this.win is null
JavaScript error: resource://devtools/shared/base-loader.js -> resource://devtools/server/actors/highlighters/auto-refresh.js, line 202: TypeError: this.win is null
JavaScript error: resource://devtools/shared/base-loader.js -> resource://devtools/server/actors/highlighters/auto-refresh.js, line 202: TypeError: this.win is null
JavaScript error: resource://devtools/shared/base-loader.js -> resource://devtools/server/actors/highlighters/auto-refresh.js, line 202: TypeError: this.win is null
JavaScript error: resource://devtools/shared/base-loader.js -> resource://devtools/server/actors/highlighters/auto-refresh.js, line 202: TypeError: this.win is null
JavaScript error: resource://devtools/shared/base-loader.js -> resource://devtools/server/actors/highlighters/auto-refresh.js, line 202: TypeError: this.win is null
JavaScript error: resource://devtools/shared/base-loader.js -> resource://devtools/server/actors/highlighters/auto-refresh.js, line 202: TypeError: this.win is null
JavaScript error: resource://devtools/shared/base-loader.js -> resource://devtools/server/actors/highlighters/auto-refresh.js, line 202: TypeError: this.win is null
JavaScript error: resource://devtools/shared/base-loader.js -> resource://devtools/server/actors/highlighters/auto-refresh.js, line 202: TypeError: this.win is null
JavaScript error: resource://devtools/shared/base-loader.js -> resource://devtools/server/actors/highlighters/auto-refresh.js, line 202: TypeError: this.win is null
JavaScript error: resource://devtools/shared/base-loader.js -> resource://devtools/server/actors/highlighters/auto-refresh.js, line 202: TypeError: this.win is null
JavaScript error: resource://devtools/shared/base-loader.js -> resource://devtools/server/actors/highlighters/auto-refresh.js, line 202: TypeError: this.win is null
JavaScript error: resource://devtools/shared/base-loader.js -> resource://devtools/server/actors/highlighters/auto-refresh.js, line 202: TypeError: this.win is null
JavaScript error: resource://devtools/shared/base-loader.js -> resource://devtools/server/actors/highlighters/auto-refresh.js, line 202: TypeError: this.win is null
JavaScript error: resource://devtools/shared/base-loader.js -> resource://devtools/server/actors/highlighters/auto-refresh.js, line 202: TypeError: this.win is null
[Parent 8396, Gecko_IOThread] WARNING: pipe error: 109: file z:/build/build/src/ipc/chromium/src/chrome/common/ipc_channel_win.cc, line 346
[Parent 8396, Gecko_IOThread] WARNING: pipe error: 109: file z:/build/build/src/ipc/chromium/src/chrome/common/ipc_channel_win.cc, line 346
[Child 3748, Chrome_ChildThread] WARNING: pipe error: 109: file z:/build/build/src/ipc/chromium/src/chrome/common/ipc_channel_win.cc, line 346
[Child 4752, [ChildChrome_ChildThread] WARNING: pipe error: 109: file z:/build/build/src/ipc/chromium/src/chrome/common/ipc_channel_win.cc, line 346
[Child[Parent 8396, Gecko_IOThread] WARNING: pipe error: 109: file z:/build/build/src/ipc/chromium/src/chrome/common/ipc_channel_win.cc, line 346
[Child 5628, Chrome_ChildThread] WARNING: pipe error: 109: file z:/build/build/src/ipc/chromium/src/chrome/common/ipc_channel_win.cc, line 346
[Child [GPU 2308, C
###!!! [Child][MessageChannel::SendAndWait] Error: Channel error: cannot send/recv

1530297468768	geckodriver	INFO	geckodriver 0.21.0
1530297468780	geckodriver	INFO	Listening on 127.0.0.1:3026
1530297471826	mozrunner::runner	INFO	Running command: "C:\\Program Files\\Mozilla Firefox\\firefox.exe" "-marionette" "-foreground" "-no-remote" "-profile" "C:\\Users\\Arix\\AppData\\Local\\Temp\\rust_mozprofile.NrhxRJGDo9g6"
Unable to read VR Path Registry from C:\Users\Arix\AppData\Local\openvr\openvrpaths.vrpath
Unable to read VR Path Registry from C:\Users\Arix\AppData\Local\openvr\openvrpaths.vrpath
Unable to read VR Path Registry from C:\Users\Arix\AppData\Local\openvr\openvrpaths.vrpath
Unable to read VR Path Registry from C:\Users\Arix\AppData\Local\openvr\openvrpaths.vrpath
Unable to read VR Path Registry from C:\Users\Arix\AppData\Local\openvr\openvrpaths.vrpath
1530297481649	Marionette	INFO	Listening on port 3041
1530297481673	Marionette	WARN	TLS certificate errors will be ignored for this session
[Child 4928, Chrome_ChildThread] WARNING: pipe error: 109: file z:/build/build/src/ipc/chromium/src/chrome/common/ipc_channel_win.cc, line 346
[Child 49[Parent 1664, Gecko_IOThread] WARNING: pipe error: 109: file z:/build/build/src/ipc/chromium/src/chrome/common/ipc_channel_win.cc, line 346
*** UTM:SVC TimerManager:registerTimer called after profile-before-change notification. Ignoring timer registration for id: telemetry_modules_ping
[GPU 3896, Ch
###!!! [Child][MessageChannel::SendAndWait] Error: Channel error: cannot send/recv

1530297871597	geckodriver	INFO	geckodriver 0.21.0
1530297871606	geckodriver	INFO	Listening on 127.0.0.1:3620
1530297874646	mozrunner::runner	INFO	Running command: "C:\\Program Files\\Mozilla Firefox\\firefox.exe" "-marionette" "-foreground" "-no-remote" "-profile" "C:\\Users\\Arix\\AppData\\Local\\Temp\\rust_mozprofile.5BX0O4X9wpYf"
Unable to read VR Path Registry from C:\Users\Arix\AppData\Local\openvr\openvrpaths.vrpath
Unable to read VR Path Registry from C:\Users\Arix\AppData\Local\openvr\openvrpaths.vrpath
Unable to read VR Path Registry from C:\Users\Arix\AppData\Local\openvr\openvrpaths.vrpath
Unable to read VR Path Registry from C:\Users\Arix\AppData\Local\openvr\openvrpaths.vrpath
Unable to read VR Path Registry from C:\Users\Arix\AppData\Local\openvr\openvrpaths.vrpath
1530297878353	Marionette	INFO	Listening on port 3632
1530297878469	Marionette	WARN	TLS certificate errors will be ignored for this session
[Parent 7200, Gecko_IOThread] WARNING: pipe error: 109: file z:/build/build/src/ipc/chromium/src/chrome/common/ipc_channel_win.cc, line 346
[Child 4380, Chrome_ChildThread] WARNING: pipe error: 109: file z:/build/build/src/ipc/chromium/src/chrome/common/ipc_channel_win.cc, line 346
[Child 4380, Chrom[Parent 7200, Gecko_IOThread] WARNING: pipe error: 109: file z:/build/build/src/ipc/chromium/src/chrome/common/ipc_channel_win.cc, line 346
*** UTM:SVC TimerManager:registerTimer called after profile-before-change notification. Ignoring timer registration for id: telemetry_modules_ping
1530298267329	geckodriver	INFO	geckodriver 0.21.0
1530298267339	geckodriver	INFO	Listening on 127.0.0.1:3797
1530298270367	mozrunner::runner	INFO	Running command: "C:\\Program Files\\Mozilla Firefox\\firefox.exe" "-marionette" "-foreground" "-no-remote" "-profile" "C:\\Users\\Arix\\AppData\\Local\\Temp\\rust_mozprofile.ds0U2Yp5xJ2C"
Unable to read VR Path Registry from C:\Users\Arix\AppData\Local\openvr\openvrpaths.vrpath
Unable to read VR Path Registry from C:\Users\Arix\AppData\Local\openvr\openvrpaths.vrpath
Unable to read VR Path Registry from C:\Users\Arix\AppData\Local\openvr\openvrpaths.vrpath
Unable to read VR Path Registry from C:\Users\Arix\AppData\Local\openvr\openvrpaths.vrpath
Unable to read VR Path Registry from C:\Users\Arix\AppData\Local\openvr\openvrpaths.vrpath
1530298274170	Marionette	INFO	Listening on port 3805
1530298274188	Marionette	WARN	TLS certificate errors will be ignored for this session

###!!! [Parent][DispatchAsyncMessage] Error: PClientSourceOp::Msg___delete__ Route error: message sent to unknown actor ID

[Parent 2324, Gecko_IOThread] WARNING: pipe error: 109: file z:/build/build/src/ipc/chromium/src/chrome/common/ipc_channel_win.cc, line 346
[Parent 2324, Gecko_IOThread] WARNING: pipe error: 109: file z:/build/build/src/ipc/chromium/src/chrome/common/ipc_channel_win.cc, line 346
[Child 8156, Chrome_ChildThread] WARNING: pipe error: 109: file z:/build/build/src/ipc/chromium/src/chrome/common/ipc_channel_win.cc, line 346
[Child 8156, Chrome_ChildThread] WARNING: pipe error: 109: file z:/build/build/src/ipc/chromium/src/chrome/common/ipc_channel_win.cc, line 346
[Parent 2324, Gecko_IOThread] WARNING: pipe error: 109: file z:/build/build/src/ipc/chromium/src/chrome/common/ipc_channel_win.cc, line 346
*** UTM:SVC TimerManager:registerTimer called after profile-before-change notification. Ignoring timer registration for id: telemetry_modules_ping

###!!! [Child][MessageChannel::SendAndWait] Error: Channel error: cannot send/recv

1530298587674	geckodriver	INFO	geckodriver 0.21.0
1530298587683	geckodriver	INFO	Listening on 127.0.0.1:3915
1530298590714	mozrunner::runner	INFO	Running command: "C:\\Program Files\\Mozilla Firefox\\firefox.exe" "-marionette" "-foreground" "-no-remote" "-profile" "C:\\Users\\Arix\\AppData\\Local\\Temp\\rust_mozprofile.PkXdXDNckC9t"
Unable to read VR Path Registry from C:\Users\Arix\AppData\Local\openvr\openvrpaths.vrpath
Unable to read VR Path Registry from C:\Users\Arix\AppData\Local\openvr\openvrpaths.vrpath
Unable to read VR Path Registry from C:\Users\Arix\AppData\Local\openvr\openvrpaths.vrpath
Unable to read VR Path Registry from C:\Users\Arix\AppData\Local\openvr\openvrpaths.vrpath
Unable to read VR Path Registry from C:\Users\Arix\AppData\Local\openvr\openvrpaths.vrpath
1530298594355	Marionette	INFO	Listening on port 3923
1530298594531	Marionette	WARN	TLS certificate errors will be ignored for this session
JavaScript warning: https://www.googletagmanager.com/gtag/js?id=AW-822174764, line 68: unreachable code after return statement
JavaScript warning: https://www.googletagmanager.com/gtag/js?id=AW-822174764, line 68: unreachable code after return statement
[Parent 4060, Gecko_IOThread] WARNING: pipe error: 109: file z:/build/build/src/ipc/chromium/src/chrome/common/ipc_channel_win.cc, line 346
[Child 10092, Ch[Parent 4060, Gecko_IOThread] WARNING: pipe error: 109: file z:/build/build/src/ipc/chromium/src/chrome/common/ipc_channel_win.cc, line 346
[Child 8656, Chrome_ChildThread] WARNING: pipe error: 109: file z:/build/build/src/ipc/chromium/src/chrome/common/ipc_channel_win.cc, line 346
[Child 8656, Ch[Parent 4060, Gecko_IOThread] WARNING: pipe error: 109: file z:/build/build/src/ipc/chromium/src/chrome/common/ipc_channel_win.cc, line 346
[GPU 3796, 
###!!! [Child][MessageChannel::SendAndWait] Error: Channel error: cannot send/recv

1530327609477	geckodriver	INFO	geckodriver 0.21.0
1530327609477	geckodriver	INFO	Listening on 127.0.0.1:4703
1530327612540	mozrunner::runner	INFO	Running command: "C:\\Program Files\\Mozilla Firefox\\firefox.exe" "-marionette" "-foreground" "-no-remote" "-profile" "C:\\Users\\Arix\\AppData\\Local\\Temp\\rust_mozprofile.BrfEXGrOLGFb"
Unable to read VR Path Registry from C:\Users\Arix\AppData\Local\openvr\openvrpaths.vrpath
Unable to read VR Path Registry from C:\Users\Arix\AppData\Local\openvr\openvrpaths.vrpath
Unable to read VR Path Registry from C:\Users\Arix\AppData\Local\openvr\openvrpaths.vrpath
Unable to read VR Path Registry from C:\Users\Arix\AppData\Local\openvr\openvrpaths.vrpath
Unable to read VR Path Registry from C:\Users\Arix\AppData\Local\openvr\openvrpaths.vrpath
1530327622289	Marionette	INFO	Listening on port 4712
1530327623042	Marionette	WARN	TLS certificate errors will be ignored for this session
[Parent 9680, Gecko_IOThread] WARNING: pipe error: 109: file z:/build/build/src/ipc/chromium/src/chrome/common/ipc_channel_win.cc, line 346
[Parent 9680, Gecko_IOThread] WARNING: pipe error: 109: file z:/build/build/src/ipc/chromium/src/chrome/common/ipc_channel_win.cc, line 346
[Child 2844, Chrome_ChildThread] WARNING: pipe error: 109: file z:/build/build/src/ipc/chromium/src/chrome/common/ipc_channel_win.cc, line 346[
Child 3184, Chrome_ChildThread] WARNING: pipe error: 109: file z:/build/build/src/ipc/chromium/src/chrome/common/ipc_channel_win.cc, line 346
[Child 3184[Parent 9680, Gecko_IOThread] WARNING: pipe error: 109: file z:/build/build/src/ipc/chromium/src/chrome/common/ipc_channel_win.cc, line 346
*** UTM:SVC TimerManager:registerTimer called after profile-before-change notification. Ignoring timer registration for id: telemetry_modules_ping
[GPU 3408, 
###!!! [Child][MessageChannel::SendAndWait] Error: Channel error: cannot send/recv

